*** Using Compiler 'V5.06 update 5 (build 528)', folder: 'E:\Program Files\keil5\ARM\ARMCC\Bin'
Build target 'Target 1'
assembling startup_stm32f10x_md.s...
compiling gpio.c...
compiling oled.c...
compiling adc.c...
compiling stm32f10x_it.c...
compiling timer.c...
compiling ds18b20.c...
compiling key.c...
compiling delay.c...
compiling misc.c...
compiling system_stm32f10x.c...
compiling max30102.c...
..\HARDWARE\MAX30102\max30102.c(252): warning:  #1-D: last line of file ends without a newline
  }
..\HARDWARE\MAX30102\max30102.c: 1 warning, 0 errors
compiling core_cm3.c...
compiling stm32f10x_adc.c...
compiling usart.c...
compiling main.c...
main.c(542): warning:  #1-D: last line of file ends without a newline
  }
main.c: 1 warning, 0 errors
compiling sys.c...
compiling stm32f10x_exti.c...
compiling stm32f10x_flash.c...
compiling stm32f10x_gpio.c...
compiling stm32f10x_i2c.c...
compiling stm32f10x_rtc.c...
compiling stm32f10x_rcc.c...
compiling stm32f10x_sdio.c...
compiling stm32f10x_bkp.c...
compiling stm32f10x_pwr.c...
compiling stm32f10x_usart.c...
compiling stm32f10x_spi.c...
compiling stm32f10x_dma.c...
compiling stm32f10x_tim.c...
linking...
Program Size: Code=18070 RO-data=3426 RW-data=112 ZI-data=2176  
FromELF: creating hex file...
"..\OBJ\project.axf" - 0 Error(s), 2 Warning(s).
Build Time Elapsed:  00:00:04
